[  0.0000]Intilizingcgroup subsys cpuset
[    0.000000] Initializing cgroup subsys cpu
[    0.000000] Initializing cgroup subsys cpuacct
[    0.00000] nux vesi 44.0-17-gerc (buiddgw1-amd64-37 (gcc version 5.4.0 20160609 (Ubuntu 5.4.0-6ubuntu1~16.04.12) ) #203-Ubuntu SMP Wed Jan 15 02:55:01 UTC 2020 (Ubuntu 4.4.0-173.203-generic 4.4.208)
[    0.000000] Command line: BOOT_IMAGE=/boot/vmlinuz-4.4.0-173-generic root=LABEL=cloudimg-rootfs ro console=tty1 console=ttyS0
[    0.000000] KERNEL supported cpus:
[    0.000000]   Intel GenuineIntel
[    0.000000]   AMD AuthenticAMD
[    0.000000]   Centaur CentaurHauls
[    0.000000] x86/fpu: xstate_offset[2]:  576, xstate_sizes[2]:  256
[    0.000000] x86/fpu: Supporting XSAVE feature 0x01: 'x87 floating point registers'
[    0.000000] x86/fpu: Supporting XSAVE feature 0x02: 'SSE registers'
[    0.000000] x86/fpu: Supporting XSAVE feature 0x04: 'AVX registers'
[    0.000000] x86/fpu: Enabled xstate features 0x7, context size is 832 bytes, using 'standard' format.
[    0.000000] e820: BIOS-prvided hyca RAM mp:
[    0.000000] BIOS-e820: [mem 0x0000000000000000-0x000000000009fbff] usable
[    0.000000] BIOS-e820: [mem 0x000000000009fc00-0x000000000009ffff] reserved
[    0.000000] BIOS-e820: [mem 0x00000000000f0000-0x00000000000fffff] reserved
[    0.000000] BIOS-e820: [mem 0x0000000000100000-0x000000003ffeffff] usable
[    0.000000] BIOS-e820: [mem 0x000000003fff0000-0x000000003fffffff] ACPI data
[    0.000000] BIOS-e820: [mem 0x00000000fec00000-0x00000000fec00fff] reserved
[    0.000000] BIOS-e820: [mem 0x00000000fee00000-0x00000000fee00fff] rered
[   0.000000] BIOS-e820: [mem 0x00000000fffc0000-0x00000000ffffffff] reserved
[    0.000000] NX (Execute Disable) protection: active
[    0.0000 SBIOS 25 esnt.
[  00000] Hyerso detecedKV
[  0.0000 e820:ast_n 0x3f0 x_ar_p =0x400000
[   0.000] MR:isbled
[   .00000] 86PA: MTRRs disabled, skipping PAT initialization too.
[    0.000000] CPU MTRRs all blank - virtualized system.
[    0.000000] x86/PAT: Configuration [0-7]: WB  WT  UC- UC  WB  WT  UC- UC  
[    0.000000] found SMP MP-table at [mem 0x0009fff0-0x0009ffff] mapped at [ffff88000009fff0]
[    0.000000] Scanning 1 areas for low memory corruption
[    0.000000] RAMDISK: [mem 0x362e4000-0x37169fff]
[    0.000000] ACPI: Early table checksum verification disabled
[    0.000000] ACPI: RSDP 0x00000000000E0000 000024 (v02 VBOX  )
[    0.000000] ACPI: XSDT 0x000000003FFF0030 00003C (v01 VBOX   VBOXXSDT 00000001 ASL  00000061)
[    0.000000] ACPI: FACP 0x000000003FFF00F0 0000F4 (v04 VBOX   VBOXFACP 00000001 ASL  00000061)
[    0.000000] ACPI: DSDT 0x000000003FFF0470 0021FF (v02 VBOX   VBOXBIOS 00000002 INTL 20180105)
[    0.000000] ACPI: FACS 0x000000003FFF0200 000040
[    0.000000] ACPI: FACS 0x000000003FFF0200 000040
[    0.000000] ACPI: APIC 0x000000003FFF0240 00005C (v02 VBOX   VBOXAPIC 00000001 ASL  00000061)
[    0.000000] ACPI: SSDT 0x000000003FFF02A0 0001CC (v01 VBOX   VBOXCPUT 00000002 INTL 20180105)
[    0.000000] No NUMA configuration found
[    0.000000] Faking a node at [mem 0x00000000000000000-0x00000003ffeffff]
[    0.000000] NODE_DATA(0) allocated [mem 0x3ffeb000-0x3ffeffff]
[    0.000000] kvm-clock: Using msrs 4b564d01 and 4b5d0
[   0.000000] kvm-clock: cpu 0, msr 0:3ffe3001, primary cpu clock
[    0.000000] kvm-clock: using sched offset of 3114218638 cycles
[    0.000000] clocksource: kvm-clock: mask: 0xffffffffffffffff max_cycles: 0x1cd42e4dffb, max_idle_ns: 881590591483 ns
[    0.000000] Zone ranges:
[    0.000000]   DMA      [mem 0x0000000000001000-0x0000000000ffffff]
[    0.000000]   DMA32    [mem 0x0000000001000000-0x000000003ffeffff]
[    0.000000]   Normal   empty
[    0.000000]   Device   empty
[    0.000000] Movable zone start for each node
[    0.000000] Early memory node ranges
[    0.000000]   node   0: [mem 0x0000000000001000-0x000000000009efff]
[    0.000000]   node   0: [mem 0x0000000000100000-0x000000003ffeffff]
[    0.000000] Initmem setup node 0 [mem 0x0000000000001000-0x000000003ffeffff]
[    0.000000] ACI: PM-Timer IO Port: 0x4008
[    0.000000] IOAPIC[0]apic_id 2, version 32, address 0xfec00000, GSI 0-23
[    0.000000] ACPI: INT_SRC_OVR (bus 0 bus_irq 0 global_irq 2 dfl dfl)
[    0.000000] ACPI: INT_SRC_OVR (bus 0 bus_irq 9 global_irq 9 low level)
[    0.000000] Using ACPI (MADT) for SMP configuration information
[    0.000000] smpbt:llowg CPs, 0 hotplug CPUs
[    0.000000] PM: Registered nosave memory: [mem 0x00000000-0x00000fff]
[    0.000000] PM: Registered nosave memory: [mem 0x0009f000-0x0009ffff]
[    0.000000 P Regted osavmery: emx00a00-000eff]
[    .00000] PM: Registered nosave memory: [mem 0x000f0000-0x000fffff]
[    0.000000] e820: [mem 0x40000000-0xfebfffff] available for PCI device
[   0.0000Bootin pavrtualiederel on VM
[    0.000000] clocksource: refined-jiffies: mask: 0xffffffff max_cycles: 0xffffffff, max_idle_ns: 7645519600211568 ns
[    0.000000] setup_percpu: NR_CPUS:512 nr_cpumask_bits:512 nr_cpu_ids:2 nr_node_ids:1
[    0.000000] PERCPU: Embedded 33 pages/cpu @ffff88003fc00000 s95448 r8192 d31528 u1048576
[    0.000000] Built 1 zonelists in Node order, mobility grouping on.  Total pages: 257912
[    0.000000] Policy zone: DMA32
[    0.000000] Kernel command line: BOOT_IMAGE=/boot/vmlinuz-4.4.0-173-generic root=LABEL=cloudimg-rootfs ro console=tty1 console=ttyS0
[    0.000000] PID hash table entries: 4096 (order: 3, 32768 bytes)
[    0.000000] Memory: 997680K/1048120K available (8626K kernel code, 1336K rwdata, 4032K rodata, 1488K init, 1292K bss, 50440K reserved, 0K cma-reserved)
[    0.000000] SLUB: HWalign=64, Order=0-3, MinObjects=0, CPUs=2, Nodes=1
[    0.000000] Kernel/User page tables isolation: enabled
[    0.000000] Hierarchical RCU implementation.
[    0.000000] 	Build-time adjustment of leaf fanout to 64.
[    0.000000] 	RCU restricting CPUs from NR_CPUS=512 to nr_cpu_ids=2.
[    0.000000] RCU: Adjusting geometry for rcu_fanout_leaf=64, nr_cpu_ids=2
[    0.000000] NR_IRQ:33024 nr_irqs:440 16
[    0.000000] Console: colour VGA+ 80x25
[    0.000000] console [tty1] enabled
[    0.000000] console [ttyS0] enabled
[    0.000000] tsc: Detected 2207.998 MHz processor
[    2.161821] Calibrating delay loop (skipped) preset value.. 4415.99 BogoMIPS (lpj=8831992)
[    2.163198] pid_max: default: 32768 minimum: 301
[    2.163955] ACPI: Core revision 20150930
[    2.165379] ACPI: 2 ACPI AML tables successfully acquired and loaded
[    2.197804] Security Framework initialized
[    2.198494] Yama: becoming mindful.
[    2.199125] AppArmor: AppArmor initialized
[    2.199879] Dentry cache hash table entries: 131072 (order: 8, 1048576 bytes)
[    2.201492] Inode-cache hash table entries: 65536 (order: 7, 524288 bytes)
[    2.206038] Mount-cache hash table entries: 2048 (order: 2, 16384 bytes)
[    2.207047] Mountpoint-cache hash table entries: 2048 (order: 2, 16384 bytes)
[    2.208223] Initializing cgroup subsys io
[    2.277805] Initializing cgroup subsys memory
[    2.377522] Initializing cgroup subsys devices
[    2.459251] Initializing cgroup subsys freezer
[    2.459974] Initializing cgroup subsys net_cls
[    2.476981] Initializing cgroup subsys perf_event
[    2.559179] Initializing cgroup subsys net_prio
[    2.637015] Initializing cgroup subsys hugetlb
[    2.699439] Initializing cgroup subsys pids
[    2.701787] mce: CPU supports 0 MCE banks
[    2.720573] Last level iTLB entries: 4KB 64, 2MB 8, 4MB 8
[    2.721431] Last level dTLB entries: 4KB 64, 2MB 0, 4MB 0, 1GB 4
[    2.722328] Spectre V1 : Mitigation: usercopy/swapgs barriers and __user pointer sanitization
[    2.723678] Spectre V2 : Mitigation: Full generic retpoline
[    2.724524] Spectre V2 : Spectre v2 / SpectreRSB mitigation: Filling RSB on context switch
[    2.725864] Speculative Store Bypass: Vulnerable
[    2.726662] MDS: Vulnerable: Clear CPU buffers attempted, no microcode
[    2.729599] Freeing SMP alternatives memory: 36K
[    2.734727] ftrace: allocating 32304 entries in 127 pages
[    2.785126] smpboot: APIC(0) Converting physical 0 to logical package 0
[    2.912005] smpboot: Max logical packages: 1
[    3.018594] x2apic enabled
[    3.020081] Switched APIC routing to physical x2apic.
[    3.022219] ..TIMER: vector=0x30 apic1=0 pin1=2 apic2=-1 pin2=-1
[    3.241364] smpboot: CPU0: Intel(R) Core(TM) i5-7260U CPU @ 2.20GHz (family: 0x6, model: 0x8e, stepping: 0x9)
[    3.307664] Performance Events: unsupported p6 CPU model 142 no PMU driver, software events only.
[    3.317971] KVM setup paravirtual spinlock
[    3.361561] x86: Booting SMP configuration:
[    3.399333] .... node  #0, CPUs:      #1
[    3.400102] kvm-clock: cpu 1, msr 0:3ffe3041, secondary cpu clock
[    3.415076] mce: CPU supports 0 MCE banks
[    3.417607] x86: Booted up 1 node, 2 CPUs
[    3.471464] smpboot: Total of 2 processors activated (8831.99 BogoMIPS)
[    3.563346] devtmpfs: initialized
[    3.614955] evm: security.selinux
[    3.705419] evm: security.SMACK64
[    3.800899] evm: security.SMACK64EXEC
[    3.849123] evm: security.SMACK64TRANSMUTE
[    3.859377] evm: security.SMACK64MMAP
[    3.860006] evm: security.ima
[    3.860552] evm: security.capability
[    3.861385] clocksource: jiffies: mask: 0xffffffff max_cycles: 0xffffffff, max_idle_ns: 7645041785100000 ns
[    3.863952] futex hash table entries: 512 (order: 3, 32768 bytes)
[    3.864978] pinctrl core: initialized pinctrl subsystem
[    3.865893] RTC time: 13:08:34, date: 02/13/20
[    3.866797] NET: Registered protocol family 16
[    3.933252] cpuidle: using governor ladder
[    3.949776] cpuidle: using governor menu
[    4.004265] PCCT header not found.
[    4.071055] ACPI: bus type PCI registered
[    4.182575] acpiphp: ACPI Hot Plug PCI Controller Driver version: 0.5
[    4.299610] PCI: Using configuration type 1 for base access
[    4.326659] ACPI: Added _OSI(Module Device)
[    4.404792] ACPI: Added _OSI(Processor Device)
[    4.405437] ACPI: Added _OSI(3.0 _SCP Extensions)
[    4.406110] ACPI: Added _OSI(Processor Aggregator Device)
[    4.407401] ACPI: Executed 1 blocks of module-level executable AML code
[    4.452761] ACPI: Interpreter enabled
[    4.523004] ACPI: (supports S0 S5)
[    4.622216] ACPI: Using IOAPIC for interrupt routing
[    4.723554] PCI: Using host bridge windows from ACPI; if necessary, use "pci=nocrs" and report a bug
[    4.910626] ACPI: PCI Root Bridge [PCI0] (domain 0000 [bus 00-ff])
[    5.040838] acpi PNP0A03:00: _OSC: OS supports [ASPM ClockPM Segments MSI]
[    5.041729] acpi PNP0A03:00: _OSC: not requesting OS control; OS requires [ExtendedConfig ASPM ClockPM MSI]
[    5.043039] acpi PNP0A03:00: fail to add MMCONFIG information, can't access extended PCI configuration space under this bridge.
[    5.044718] PCI host bridge to bus 0000:00
[    5.084142] pci_bus 0000:00: root bus resource [io  0x0000-0x0cf7 window]
[    5.085144] pci_bus 0000:00: root bus resource [io  0x0d00-0xffff window]
[    5.086131] pci_bus 0000:00: root bus resource [mem 0x000a0000-0x000bffff window]
[    5.087375] pci_bus 0000:00: root bus resource [mem 0x40000000-0xfdffffff window]
[    5.088604] pci_bus 0000:00: root bus resource [bus 00-ff]
[    5.101057] pci 0000:00:01.1: legacy IDE quirk: reg 0x10: [io  0x01f0-0x01f7]
[    5.242535] pci 0000:00:01.1: legacy IDE quirk: reg 0x14: [io  0x03f6]
[    5.309243] pci 0000:00:01.1: legacy IDE quirk: reg 0x18: [io  0x0170-0x0177]
[    5.310277] pci 0000:00:01.1: legacy IDE quirk: reg 0x1c: [io  0x0376]
[    5.452888] pci 0000:00:07.0: quirk: [io  0x4000-0x403f] claimed by PIIX4 ACPI
[    5.518894] pci 0000:00:07.0: quirk: [io  0x4100-0x410f] claimed by PIIX4 SMB
[    5.527346] ACPI: PCI Interrupt Link [LNKA] (IRQs 5 9 10 *11)
[    5.629377] ACPI: PCI Interrupt Link [LNKB] (IRQs 5 9 *10 11)
[    5.685418] ACPI: PCI Interrupt Link [LNKC] (IRQs 5 *9 10 11)
[    5.686649] ACPI: PCI Interrupt Link [LNKD] (IRQs 5 9 10 *11)
[    5.747389] ACPI: Enabled 2 GPEs in block 00 to 07
[    5.748423] vgaarb: setting as boot device: PCI:0000:00:02.0
[    5.749182] vgaarb: device added: PCI:0000:00:02.0,decodes=io+mem,owns=io+mem,locks=none
[    5.750410] vgaarb: loaded
[    5..84187] vgaarb: bridge control possible 0000:00:02.0
[    5.877757] SCSI subsystem initialized
[    5.956232] ACPI: bus type USB registered
[    6.028355] usbcore: registered new interface driver usbfs
[    6.107287] usbcore: registered new interface driver hub
[    6.183126] usbcore: registered new device driver usb
[    6.261504] PCI: Using ACPI for IRQ routing
[    6.376921] NetLabel: Initializing
[    6.445390] NetLabel:  domain hash size = 128
[    6.492250] NetLabel:  protocols = UNLABELED CIPSOv4
[    6.557233] NetLabel:  unlabeled traffic allowed by default
[    6.643171] amd_nb: Cannot enumerate AMD northbridges
[    6.788549] clocksource: Switched to clocksource kvm-clock
[    6.884362] AppArmor: AppArmor Filesystem Enabled
[    6.890543] pnp: PnP ACPI init
[   8967] pnp: PnP ACPI: found 3 devices

[   .0542]clcksource: acpi_pm: mask: 0xffffff max_cycles: 0xffffff, max_idle_ns: 2085701024 ns
[    7.132797] NET: Registered protocol family 2

[    7.133693] TCPstblheha tlentes81 (de 4656 te

[    7.866186] TCP bind hash table entries: 8192 (order: 5, 131072 bytes)
[    7.867168] TCP: Hash tables configured (established 8192 bind 8192)
[    7.868119] UDP hash table entries: 512 (order: 2, 16384 bytes)
[    7.869027] UDP-Lite hash table entries: 512 (order: 2, 16384 bytes)
[    7.870020] NET: Registered protocol family 1
[    7.870747] pci 0000:00:00.0: Limiting direct PCI/PCI transfers
[    7.871651] pci 0000:00:01.0: Activating ISA DMA hang workarounds
[    7.872679] Unpacking initramfs...
[    8.049767] Freeing initrd memory: 14872K
[    8.099465] clocksource: tsc: mask: 0xffffffffffffffff max_cycles: 0x1fd3b6211b4, max_idle_ns: 440795230313 ns
[    8.101043] platform rtc_cmos: registered platform RTC device (no PNP device found)
[    8.102355] Scanning for low memory corruption every 60 seconds
[    8.103623] audit: initializing netlink subsys (disabled)
[    8.106107] audit: type=2000 audit(1581599317.959:1): initialized
[    8.189321] Initialise system trusted keyring
[    8.409437] HugeTLB registered 2 MB page size, pre-allocated 0 pages
[    8.610518] zbud: loaded
[    8.611421] VFS: is qta dot.6.0
  8.91] S:Dquot-cache hash table entries: 512 (order 0, 4096 bytes)
[    9.178254] squashfs: version 4.0 (2009/01/31) Phillip Lougher
[    9.247589] fuse init (API version 7.23)
[    9.399386] Key type big_key registered
[    9.399992] Allocating IMA MOK and blacklist keyrings.
[    9.401593] Key type asymmetric registered
[    9.459203] Asymmetric key parser 'x509' registered
[    9.460035] Block layer SCSI generic (bsg) driver version 0.4 loaded (major 249)
[    9.461368] io scheduler noop registered
[    9.469378] io scheduler deadline registered (default)
[    9.470230] io scheduler cfq registered
[    9.470997] pci_hotplug: PCI Hot Plug PCI Core version: 0.5
[    9.471874] pciehp: PCI Express Hot Plug Controller Driver version: 0.4
[    9.472982] ACPI: AC Adapter [AC] (on-line)
[    9.478222] input: Power Button as /devices/LNXSYSTM:00/LNXPWRBN:00/input/input0
[    9.479494] ACPI: Power Button [PWRF]
[    9.48000]]iinput: Sleep Button as /devices/LNXSYSTM:00/LNXSLPBN:00/input/input1
[    9.679747] ACPI: Sleep Button [SLPF]
[    9.680499] GHES: HEST is not enabled!
[    9.681178] Serial: 8250/16550 driver, 32 ports, IRQ sharing enabled
[    9.703380] 00:02: ttyS0 at I/O 0x3f8 (irq = 4, base_baud = 115200) is a 16550A
[    9.721212] Linux agpgart interface v0.103
[    9.740945] loop: module loaded
[    9.769731] scsi host0: ata_piix
[    9.771639] scsi host1: ata_piix
[    9.772256] ata1: PATA max UDMA/33 cmd 0x1f0 ctl 0x3f6 bmdma 0xd000 irq 14
[    9.773296] ata2: PATA max UDMA/33 cmd 0x170 ctl 0x376 bmdma 0xd008 irq 15
[    9.775176] libphy: Fixed MDIO Bus: probed
[    9.889236] tun: Universal TUN/TAP device driver, 1.6
[    9.890038] tun: (C) 1999-2004 Max Krasnyansky <maxk@qualcomm.com>
[    9.891023] PPP generic driver version 2.4.2
[    9.891784] ehci_hcd: USB 2.0 'Enhanced' Host Controller (EHCI) Driver
[    9.892758] ehci-pci: EHCI PCI platform driver
[    9.899457] ehci-platform: EHCI generic platform driver
[    9.900317] ohci_hcd: USB 1.1 'Open' Host Controller (OHCI) Driver
[    9.901271] ohci-pci: OHCI PCI platform driver
[    9.989062] ohci-platform: OHCI generic platform driver
[   10.029490] uhci_hcd: USB Universal Host Controller Interface driver
[   10.209395] i8042: PNP: PS/2 Controller [PNP0303:PS2K,PNP0f03:PS2M] at 0x60,0x64 irq 1,12
[   10.220311] serio: i8042 KBD port at 0x60,0x64 irq 1
[   10.221023] serio: i8042 AUX port at 0x60,0x64 irq 12
[   10.319791] mousedev: PS/2 mouse device common for all mice
[   10.321279] input: AT Translated Set 2 keyboard as /devices/platform/i8042/serio0/input/input2
[   10.323216] rtc_cmos rtc_cmos: rtc core: registered rtc_cmos as rtc0
[   10.324441] rtc_cmos rtc_cmos: alarms up to one day, 114 bytes nvram
[   10.325654] i2c /dev entries driver
[   10.350015] device-mapper: uevent: version 1.0.3
[   10.369873] device-mapper: ioctl: 4.34.0-ioctl (2015-10-28) initialised: dm-devel@redhat.com
[   10.389974] ledtrig-cpu: registered to indicate activity on CPUs
[   10.429518] NET: Registered protocol family 10
[   10.432958] NET: Registered protocol family 17
[   10.509128] Key type dns_resolver registered
[   10.513768] registered taskstats version 1
[   10.514395] Loading compiled-in X.509 certificates
[   10.589896] Loaded X.509 cert 'Build time autogenerated kernel key: 4e6a82653c7e3a258f066f23f1954299de63b157'
[   10.829867] zswap: loaded using pool lzo/zbud
[   10.850773] Key type trusted registered
[   10.871685] Key type encrypted registered
[   10.889409] AppArmor: AppArmor sha1 policy hashing enabled
[   10.890260] ima: No TPM chip found, activating TPM-bypass!
[   10.891123] ima: Allocated hash algorithm: sha1
[   10.891870] evm: HMAC attrs: 0x1
[   10.892761]   Magic number: 8:394:129
[   10.899420] rtc_cmos rtc_cmos: setting system clock to 2020-02-13 13:08:42 UTC (1581599322)
[   10.900917] BIOS EDD facility v0.16 2004-Jun-25, 0 devices found
[   10.908149] EDD information not available.
[   10.909938] Freeing unused kernel memory: 1488K
[   10.924732] Write protecting the kernel read-only data: 14336k
[   10.932811] Freeing unused kernel memory: 1604K
[   10.933767] Freeing unused kernel memory: 64K
Loading, please [   10.945164] random: systemd-udevd: uninitialized urandom read (16 bytes read, 3 bits of entropy available)
wait...
starting version 229
[   10.945720] random: udevadm: uninitialized urandom read (16 bytes read, 3 bits of entropy available)
[   10.945739] random: udevadm: uninitialized urandom read (16 bytes read, 3 bits of entropy available)
[   10.952058] random: udevadm: uninitialized urandom read (16 bytes read, 3 bits of entropy available)
[   10.952093] random: udevadm: uninitialized urandom read (16 bytes read, 3 bits of entropy available)
[   10.952199] random: udevadm: uninitialized urandom read (16 bytes read, 3 bits of entropy available)
[   10.952239] random: udevadm: uninitialized urandom read (16 bytes read, 3 bits of entropy available)
[   10.952278] random: udevadm: uninitialized urandom read (16 bytes read, 3 bits of entropy available)
[   10.952316] random: udevadm: uninitialized urandom read (16 bytes read, 3 bits of entropy available)
[   10.952352] random: udevadm: uninitialized urandom read (16 bytes read, 3 bits of entropy available)
[   11.479754] Fusion MPT base driver 3.04.20
[   11.492480] Copyright (c) 1999-2008 LSI Corporation
[   11.495186] AVX2 version of gcm_enc/dec engaged.
[   11.499459] AES CTR mode by8 optimization enabled
[   11.500510] e1000: Intel(R) PRO/1000 Network Driver - version 7.3.21-k8-NAPI
[   11.506026] e1000: Copyright (c) 1999-2006 Intel Corporation.
[   11.515183] Fusion MPT SPI Host driver 3.04.20
[   11.724984] input: ImExPS/2 Generic Explorer Mouse as /devices/platform/i8042/serio1/input/input4
[   11.860971] e1000 0000:00:03.0 eth0: (PCI:33MHz:32-bit) 02:bb:f4:57:e9:87
[   11.944271] e1000 0000:00:03.0 eth0: Intel(R) PRO/1000 Network Connection
[   12.905911] e1000 0000:00:08.0 eth1: (PCI:33MHz:32-bit) 08:00:27:05:63:ed
[   12.990312] e1000 0000:00:08.0 eth1: Intel(R) PRO/1000 Network Connection
[   12.992535] e1000 0000:00:03.0 enp0s3: renamed from eth0
[   13.005350] mptbase: ioc0: Initiating bringup
[   13.020801] e1000 0000:00:08.0 enp0s8: renamed from eth1
[   13.076894] ioc0: LSI53C1030 A0: Capabilities={Initiator}
[   13.557059] scsi host2: ioc0: LSI53C1030 A0, FwRev=00000000h, Ports=1, MaxQ=256, IRQ=20
[   14.049459] scsi 2:0:0:0: Direct-Access     VBOX     HARDDISK         1.0  PQ: 0 ANSI: 5
[   14.540718] scsi target2:0:0: Beginning Domain Validation
[   14.592345] scsi target2:0:0: Domain Validation skipping write tests
[   14.704984] scsi target2:0:0: Ending Domain Validation
[   14.780997] scsi target2:0:0: asynchronous
[   14.826406] scsi 2:0:1:0: Direct-Access     VBOX     HARDDISK         1.0  PQ: 0 ANSI: 5
[   14.829856] scsi target2:0:1: Beginning Domain Validation
[   14.831200] scsi target2:0:1: Domain Validation skipping write tests
[   14.839859] scsi target2:0:1: Ending Domain Validation
[   15.083526] scsi target2:0:1: asynchronous
[   15.332779] sd 2:0:0:0: [sda] 20971520 512-byte logical blocks: (10.7 GB/10.0 GiB)
[   15.333047] sd 2:0:0:0: Attached scsi generic sg0 type 0
[   15.380818] sd 2:0:1:0: [sdb] 20480 512-byte logical blocks: (10.5 MB/10.0 MiB)
[   15.385778] sd 2:0:1:0: Attached scsi generic sg1 type 0
[   15.386783] sd 2:0:1:0: [sdb] Write Protect is off
[   15.386783] sd 2:0:0:0: [sda] Write Protect is off
[   15.388407] sd 2:0:0:0: [sda] Incomplete mode parameter data
[   15.388459] sd 2:0:1:0: [sdb] Incomplete mode parameter data
[   15.388461] sd 2:0:1:0: [sdb] Assuming drive cache: write through
[   15.397037] sd 2:0:1:0: [sdb] Attached SCSI disk
[   15.429029] sd 2:0:0:0: [sda] Assuming drive cache: write through
[   15.430904]  sda: sda1
[   15.519485] sd 2:0:0:0: [sda] Attached SCSI disk
Begin: Loading e[   17.076615] md: linear personality registered for level -1
ssential drivers ... [   17.081332] md: multipath personality registered for level -4
[   17.155086] md: raid0 personality registered for level 0
[   17.241168] md: raid1 personality registered for level 1
[   17.368612] raid6: sse2x1   gen() 11745 MB/s
[   17.500616] raid6: sse2x1   xor()  8825 MB/s
[   17.628610] raid6: sse2x2   gen() 14573 MB/s
[   17.752606] raid6: sse2x2   xor() 10035 MB/s
[   17.876644] raid6: sse2x4   gen() 16511 MB/s
[   17.996571] raid6: sse2x4   xor() 11443 MB/s
[   18.124567] raid6: avx2x1   gen() 23444 MB/s
[   18.312603] raid6: avx2x2   gen() 27290 MB/s
[   18.432603] raid6: avx2x4   gen() 29365 MB/s
[   18.487326] raid6: using algorithm avx2x4 gen() 29365 MB/s
[   18.552948] raid6: using avx2x2 recovery algorithm
[   18.603159] xor: automatically using best checksumming function:
[   19.120878]    avx       : 50346.000 MB/sec
[   19.400322] async_tx: api initialized (async)
[   19.442067] md: raid6 personality registered for level 6
[   19.525453] md: raid5 personality registered for level 5
[   19.619033] md: raid4 personality registered for level 4
[   19.625104] md: raid10 personality registered for level 10
done.
Begin: Running /scripts/init-premount ... done.
Begin: Mounting root file system ... Begin: Running /scripts/local-top ... done.
Begin: Running /scripts/local-premount ... [   19.682440] Btrfs loaded
Scanning for Btrfs filesystems
done.
Warning: fsck not present, so sk[   19.715130] EXT4-fs (sda1): mounted filesystem with ordered data mode. Opts: (null)
ipping root file system
done.
Begin: Running /scripts/local-bottom ... done.
Begin: Running /scripts/init-bottom ... done.
[   20.429892] systemd[1]: systemd 229 running in system mode. (+PAM +AUDIT +SELINUX +IMA +APPARMOR +SMACK +SYSVINIT +UTMP +LIBCRYPTSETUP +GCRYPT +GNUTLS +ACL +XZ -LZ4 +SECCOMP +BLKID +ELFUTILS +KMOD -IDN)
[   20.505930] systemd[1]: Detected virtualization oracle.
[   20.559045] systemd[1]: Detected architecture x86-64.

Welcome to [1mUbuntu 16.04.6 LTS[0m!

[   20.565946] systemd[1]: Set hostname to <ubuntu>.
[   20.684982] systemd[1]: Initializing machine ID from random generator.
[   20.802142] systemd[1]: Installed transient /etc/machine-id file.
[   21.016459] random: nonblocking pool is initialized
[   21.146688] systemd[1]: Reached target Encrypted Volumes.
[[0;32m  OK  [0m] Reached target Encrypted Volumes.
[   21.221189] systemd[1]: Set up automount Arbitrary Executable File Formats File System Automount Point.
[[0;32m  OK  [0m] Set up automount Arbitrary Executab...ats File System Automount Point.
[   21.429284] systemd[1]: Started Trigger resolvconf update for networkd DNS.
[[0;32m  OK  [0m] Started Trigger resolvconf update for networkd DNS.
[   21.447225] systemd[1]: Created slice System Slice.
[[0;32m  OK  [0m] Created slice System Slice.
[   21.457852] systemd[1]: Listening on udev Kernel Socket.
[[0;32m  OK  [0m] Listening on udev Kernel Socket.
[   21.489135] systemd[1]: Listening on /dev/initctl Compatibility Named Pipe.
[[0;32m  OK  [0m] Listening on /dev/initctl Compatibility Named Pipe.
[   21.503429] systemd[1]: Lstinonysg ck.
[[0;32m  OK  [0m] Listening on Syslog Socket.
[   21.912917] systemd[1]: Listening on Journal Audi Ske
[[0;32m  OK  [0m] Listening on Journal Audit Socket.
[  22.308991] systemd[1]: Listening on LVM2 metadata daemon soke.
[[0;32m  OK  [0m] Listening on LVM2 metadata daemon socket.
[   22.668929] systemd[1]: Reached target System Time Synchronized.
[[0;32m  OK  [0m] Reached target System Time Synchronized.
[   22.761606] systemd[1]: Created slice system-serial\x2dgetty.slice.
[[0;32m  OK  [0m] Created slice system-serial\x2dgetty.slice.
[   22.766566] systemd[1]: Reached target User and Group Name Lookups.
[[0;32m  OK  [0m] Reached target User and Group Name Lookups.
[   22.770535] systemd[1]: Listening on udev Control Socket.
[[0;32m  OK  [0m] Listening on udev Control Socket.
[   22.772492] systemd[1]: Created slice User and Session Slice.
[[0;32m  OK  [0m] Created slice User and Session Slice.
[   22.972994] systemd[1]: Reached target Slices.
[[0;32m  OK  [0m] Reached target Slices.
[   23.024882] systemd[1]: Started Forward Password Requests to Wall Directory Watch.
[[0;32m  OK  [0m] Started Forward Password Requests to Wall Directory Watch.
[   23.033390] systemd[1]: Listening on Journal Socket (/dev/log).
[[0;32m  OK  [0m] Listening on Journal Socket (/dev/log).
[   23.037916] systemd[1]: Reached target Swap.
[[0;32m  OK  [0m] Reached target Swap.
[   23.039319] systemd[1]: Listening on LVM2 poll daemon socket.
[[0;32m  OK  [0m] Listening on LVM2 poll daemon socket.
[   23.040985] systemd[1]: Listening on Journal Socket.
[[0;32m  OK  [0m] Listening on Journal Socket.
[   23.052915] systemd[1]: Starting Remount Root and Kernel File Systems...
         Starting Remount[   23.198279] EXT4-fs (sda1): re-mounted. Opts: (null)
 Root and Kernel File Systems...
[   23.276238] systemd[1]: Mounting POSIX Message Queue File System...
         Mounting POSIX Message Queue File System...
[   23.388973] systemd[1]: Starting Load Kernel Modules...
         Starting Load Ke[   23.523587] Loading iSCSI transport class v2.0-870.
rnel Modules...
[   23.650199] systemd[1]: Starting Nameserver information manager...
         Starting Nameserver information manager...
[   23.716949] systemd[1]: Starting Create list of required static device nodes for the current kernel...
         [   24.101001] iscsi: registered transport (tcp)
Starting Create list of required st... nodes for the current kernel...
[   24.124727] systemd[1]: Starting Uncomplicated firewall...
         [   24.231294] iscsi: registered transport (iser)
Starting Uncomplicated firewall...
[   24.260120] systemd[1]: Starting Set console keymap...
         Starting Set console keymap...
[   24.269437] systemd[1]: Mounting Debug File System...
         Mounting Debug File System...
[   4.09] std[: stinoneve-apper event daemon FIFOs.
[[0;32m  OK  [0m] Listening on Device-mapper event daemon FIFOs.
[   24.972924] systemd[1]: Starting Monitoring of LVM2 mirrors, snapshots etc. using dmeventd or progress polling...
         Starting Monitoring of LVM2 mirrors... dmeventd or progress polling...
[   25.325327] systemd[1]: Starting Journal Service...
         Starting Journal Service...
[   25.488872] systemd[1]: Mounting Huge Pages File System...
         Mounting Huge Pages File System...
[   25.681903] systemd[1]: Mounted POSIX Message Queue File System.
[[0;32m  OK  [0m] Mounted POSIX Message Queue File System.
[   25.750967] systemd[1]: Mounted Huge Pages File System.
[[0;32m  OK  [0m] Mounted Huge Pages File System.
[   25.792844] systemd[1]: Mounted Debug File System.
[[0;32m  OK  [0m] Mounted Debug File System.
[   25.799028] systemd[1]: Started Journal Service.
[[0;32m  OK  [0m] Started Journal Service.
[[0;32m  OK  [0m] Started Remount Root and Kernel File Systems.
[[0;32m  OK  [0m] Started Load Kernel Modules.
[[0;32m  OK  [0m] Started Create list of required sta...ce nodes for the current kernel.
[[0;32m  OK  [0m] Started Uncomplicated firewall.
[[0;32m  OK  [0m] Started Set console keymap.
[[0;32m  OK  [0m] Started Nameserver information manager.
[[0;32m  OK  [0m] Started LVM2 metadata daemon.
         Starting Create Static Device Nodes in /dev...
         Starting Apply Kernel Variables...
         Mounting FUSE Control File System...
         Starting udev Coldplug all Devices...
         Starting Load/Save Random Seed...
         Starting Flush Journal to Persistent Storage...
[[0;32m  OK  [0m] Mounted FUSE Control File System.
[[0;32m  OK  [0m] Started Create Static Device Nodes in /dev.
[[0;32m  OK  [0m] Started Apply Kernel Variables.
[[0;32m  OK  [0m] Started Monitoring of LVM2 mirrors,...ng dmeventd or progress polling.
[[0;32m  OK  [0m] Started Load/Save Random Seed.
[[0;32m  OK  [0m] Started udev Coldplug all Devices.
         Starting udev Kernel Device Manager...
[[0;32m  OK  [0m] Reached target Local File Systems (Pre).
[[0;32m  OK  [0m] Reached target Local File Systems.
         Starting Tell Plymouth To Write Out Runtime Data...
         Starting Set console font and keymap...
         Starting LSB: AppArmor initialization...
         Starting Initial cloud-init job (pre-networking)...
         Starting Commit a transient machine-id on disk...
[[0;32m  OK  [0m] Started udev Kernel Device Manager.
[[0;32m  OK  [0m] Started Tell Plymouth To Write Out Runtime Data.
[[0;32m  OK  [0m] Started Commit a transient machine-id on disk.
[[0;32m  OK  [0m] Started Flush Journal to Persistent Storage.
[[0;32m  OK  [0m] Started Set console font and keymap.
[[0;32m  OK  [0m] Found device /dev/ttyS0.
[[0;32m  OK  [0m] Listening on Load/Save RF Kill Switch Status /dev/rfkill Watch.
[[0;32m  OK  [0m] Created slice system-getty.slice.
         Starting Create Volatile Files and Directories...
[[0;32m  OK  [0m] Started Dispatch Password Requests to Console Directory Watch.
[[0;32m  OK  [0m] Started Create Volatile Files and Directories.
         Starting Update UTMP about System Boot/Shutdown...
[[0;32m  OK  [0m] Started Update UTMP about System Boot/Shutdown.
[[0;32m  OK  [0m] Started LSB: AppArmor initialization.
[   21.678671] cloud-init[634]: Cloud-init v. 19.4-33-gbb4131a2-0ubuntu1~16.04.1 running 'init-local' at Thu, 13 Feb 2020 13:08:59 +0000. Up 21.36 seconds.
[[0;32m  OK  [0m] Started Initial cloud-init job (pre-networking).
[[0;32m  OK  [0m] Reached target Network (Pre).
         Starting Raise network interfaces...
[[0;32m  OK  [0m] Started Raise network interfaces.
[[0;32m  OK  [0m] Reached target Network.
         Starting Initial cloud-init job (metadata service crawler)...
[   22.652614] cloud-init[960]: Cloud-init v. 19.4-33-gbb4131a2-0ubuntu1~16.04.1 running 'init' at Thu, 13 Feb 2020 13:09:00 +0000. Up 22.18 seconds.
[   22.696177] cloud-init[960]: ci-info: ++++++++++++++++++++++++++++++++++++++Net device info+++++++++++++++++++++++++++++++++++++++
[   22.696364] cloud-init[960]: ci-info: +--------+-------+----------------------------+---------------+--------+-------------------+
[[0;32m  OK  [0m] Started Initial cloud-init job (metadata service crawler).
[   22.696462] cloud-init[960]: ci-info: | Device |   Up  |          Address           |      Mask     | Scope  |     Hw-Address    |
[   22.789696] cloud-init[960]: ci-info: +--------+-------+----------------------------+---------------+--------+-------------------+
[   22.789900] cloud-init[960]: ci-info: | enp0s3 |  True |         10.0.2.15          | 255.255.255.0 | global | 02:bb:f4:57:e9:87 |
[   22.790006] cloud-init[960]: ci-info: | enp0s3 |  True | fe80::bb:f4ff:fe57:e987/64 |       .       |  link  | 02:bb:f4:57:e9:87 |
[   22.790118] cloud-init[960]: ci-info: | enp0s8 | False |             .              |       .       |   .    | 08:00:27:05:63:ed |
[   22.790228] cloud-init[960]: ci-info: |   lo   |  True |         127.0.0.1          |   255.0.0.0   |  host  |         .         |
[   22.790342] cloud-init[960]: ci-info: |   lo   |  True |          ::1/128           |       .       |  host  |         .         |
[   22.790458] cloud-init[960]: ci-info: +--------+-------+----------------------------+---------------+--------+-------------------+
[   22.790568] cloud-init[960]: ci-info: +++++++++++++++++++++++++++Route IPv4 info++++++++++++++++++++++++++++
[   22.790680] cloud-init[960]: ci-info: +-------+-------------+----------+---------------+-----------+-------+
[   22.790793] cloud-init[960]: ci-info: | Route | Destination | Gateway  |    Genmask    | Interface | Flags |
[   22.790905] cloud-init[960]: ci-info: +-------+-------------+----------+---------------+-----------+-------+
[   22.791019] cloud-init[960]: ci-info: |   0   |   0.0.0.0   | 10.0.2.2 |    0.0.0.0    |   enp0s3  |   UG  |
[   22.791130] cloud-init[960]: ci-info: |   1   |   10.0.2.0  | 0.0.0.0  | 255.255.255.0 |   enp0s3  |   U   |
[   22.791243] cloud-init[960]: ci-info: +-------+-------------+----------+---------------+-----------+-------+
[   22.791354] cloud-init[960]: ci-info: +++++++++++++++++++Route IPv6 info+++++++++++++++++++
[   22.791466] cloud-init[960]: ci-info: +-------+-------------+---------+-----------+-------+
[   22.791579] cloud-init[960]: ci-info: | Route | Destination | Gateway | Interface | Flags |
[   22.791690] cloud-init[960]: ci-info: +-------+-------------+---------+-----------+-------+
[   22.791801] cloud-init[960]: ci-info: |   0   |  fe80::/64  |    ::   |   enp0s3  |   U   |
[   22.791938] cloud-init[960]: ci-info: |   3   |   ff00::/8  |    ::   |   enp0s3  |   U   |
[   22.792059] cloud-init[960]: ci-info: +-------+-------------+---------+-----------+-------+
[   22.792152] cloud-init[960]: Generating public/private rsa key pair.
[   22.792284] cloud-init[960]: Your identification has been saved in /etc/ssh/ssh_host_rsa_key.
[[0;32m  OK  [0m] Reached target Cloud-config availability.
[[   22.792390] cloud-init[960]: Your public key has been saved in /etc/ssh/ssh_host_rsa_key.pub.
[   23.318360] cloud-init[960]: The key fingerprint is:
[   23.318445] cloud-init[960]: SHA256:1iR3sfDIePu+V9V7N69C+Qw3zWN9lTccZs/W6XtjkSA root@ubuntu-xenial
[   23.318569] cloud-init[960]: The key's randomart image is:
[0;32m  OK  [0m] Reached target System Initialization.
[[   23.318782] cloud-init[960]: +---[RSA 2048]----+
[0;32m  OK  [0m] Started Message of the Day.
[[   23.467634] cloud-init[960]: |          . .    |
[   23.471140] cloud-init[960]: |         o + o + |
[   23.471405] cloud-init[960]: |        o * + +.B|
[   23.471681] cloud-init[960]: |         * E . =X|
[   23.472105] cloud-init[960]: |        S o ..o+O|
[0;32m  OK  [0m] Listening on ACPID Listen Socket.
[[   23.472379] cloud-init[960]: |       .   .+ oOO|
[   23.520600] [0;32m  OK  [0mcloud-init] [960]: Started Daily Cleanup of Temporary Directories.|           ..=.oX|

[   23.520644] cloud-init[960]: |           .. ++o|
[   23.568315] cloud-init[960]: |            o+o.o|
         Starting Socket activation for snappy daemon.
[   23.568690] cloud-init[960]: +----[SHA256]-----+
[   23.604441] cloud-init[960]: Generating public/private dsa key pair.
[   23.604890] cloud-init[960]: Your identification has been saved in /etc/ssh/ssh_host_dsa_key.
         Starting LXD - unix socket.
[   23.605035] cloud-init[960]: Your public key has been saved in /etc/ssh/ssh_host_dsa_key.pub.
[   23.620581] cloud-init[960]: The key fingerprint is:
[[0;32m  OK  [0m] Started Daily apt download activities.
[[   23.620864] cloud-init[960]: SHA256:bjNamQXyPGeCOPNHIu0v9alxyyOAAdy7SaCf0dQwCc4 root@ubuntu-xenial
[0;32m  OK  [0m] Listening on D-Bus System Message Bus Socket.
[   23.797753] cloud-init[960]: The key's randomart image is:
[   23.820826] cloud-init[960]: +---[DSA 1024]----+
[[0;32m  OK  [0m] Listening on UUID daemon activation socket.
[[   23.821554] cloud-init[960]: | ..oo+           |
[   23.826492] cloud-init[960]: | o+ +..          |
[   23.826837] cloud-init[960]: | .E= .. .        |
[   23.827206] cloud-init[960]: |. . =o = .       |
[0;32m  OK  [0m] Started Daily apt upgrade and clean activities.
[   23.827704] cloud-init[960]: | . +==+ S +      |
[   23.831783] cloud-init[960]: |  o +*.+.O       |
[[0;32m  OK  [0m] Reached target Timers.
[   23.831852] cloud-init[960]: |      oo@...     |
[   23.904295] cloud-init[960]: |      .*.*+.     |
[   23.904534] cloud-init[960]: |      ..ooo.     |
[[0;32m  OK  [0m] Started ACPI Events Check.
[   23.904695] cloud-init[960]: +----[SHA256]-----+
[   23.907795] cloud-init[960]: Generating public/private ecdsa key pair.
[[0;32m  OK  [0m] Reached target Paths.
[   23.907982] cloud-init[960]: Your identification has been saved in /etc/ssh/ssh_host_ecdsa_key.
[   23.978139] cloud-init[960]: Your public key has been saved in /etc/ssh/ssh_host_ecdsa_key.pub.
[[0;32m  OK  [0m] Reached target Network is Online.
[   23.978576] cloud-init[960]: The key fingerprint is:
[   24.131190] cloud-init[960]: SHA256:w5I9xLgA+H/oa0Sn9FoctXc9T3oX0qJaqbkpAUdrf5s root@ubuntu-xenial
         Starting iSCSI initiator daemon (iscsid)...
[[0;32m  OK  [0m] Listening on Socket activation for snappy daemon.
[[   24.131522] cloud-init[960]: The key's randomart image is:
[   24.141533] cloud-init[960]: +---[ECDSA 256]---+
[   24.141731] cloud-init[960]: | ..              |
[   24.142218] cloud-init[960]: |.  .   +.        |
[   24.142474] cloud-init[960]: | .  . o.+.   ..  |
[   24.142716] cloud-init[960]: |  . oooX. . .ooo.|
[   24.142969] cloud-init[960]: |   + *B.S. .o o=.|
[   24.143238] cloud-init[960]: |    = =o + =  . +|
[   24.143364] cloud-init[960]: |   o +  . * o  ..|
[   24.143496] cloud-init[960]: |    +  . +.E     |
[   24.143626] cloud-init[960]: |   ...  .o.      |
[   24.143758] cloud-init[960]: +----[SHA256]-----+
[0;32m  OK  [0m] Listening on LXD - unix socket.
[   24.143884] cloud-init[960]: Generating public/private ed25519 key pair.
[   24.253029] cloud-init[960]: Your identification has been saved in /etc/ssh/ssh_host_ed25519_key.
[   24.255295] cloud-init[960]: Your public key has been saved in /etc/ssh/ssh_host_ed25519_key.pub.
[   24.272254] cloud-init[960]: The key fingerprint is:
[   24.272442] cloud-init[960]: SHA256:hk2d/MKzw3pjudTm4r3Rf9AM3OPMKpUZWW3WP2nyIIA root@ubuntu-xenial
[[0;32m  OK  [0m] Reached target Sockets.
[   24.272562] cloud-init[960]: The key's randomart image is:
[   24.307608] cloud-init[960]: +--[ED25519 256]--+
[[0;32m  OK  [0m] Reached target Basic System.
[   24.307672] cloud-init[960]: |        .       o|
[   24.451292] cloud-init[960]: |       E + .   .=|
[[0;32m  OK  [0m] Started Regular background program processing daemon.
[   24.488683] cloud-init[960]: |        . =  .o+o|
[   24.492320] cloud-init[960]: |       + . o =o=o|
[   24.556270] cloud-init[960]: |      . S + o %+o|
[   24.556524] cloud-init[960]: |       . . = =.=o|
         Starting LSB: MD monitoring daemon...
[   24.556610] cloud-init[960]: |          =.= o. |
[   24.712931] cloud-init[960]: |         o** o ..|
[   24.714150] cloud-init[960]: |        .+o+=.  o|
         Starting LXD - container startup/shutdown...
[   24.714528] cloud-init[960]: +----[SHA256]-----+
         Starting LSB: Record successful boot for GRUB...
         Starting Virtualbox guest utils...
[[0;32m  OK  [0m] Started FUSE filesystem for LXC.
[[0;32m  OK  [0m] Started Deferred execution scheduler.
         Starting Pollinate to seed the pseudo random number generator...
[[0;32m  OK  [0m] Started ACPI event daemon.
         Starting Accounts Service...
         Starting Login Service...
         Starting /etc/rc.local Compatibility...
         Starting System Logging Service...
[[0;32m  OK  [0m] Started D-Bus System Message Bus.
         Starting Snappy daemon...
[[0;32m  OK  [0m] Started System Logging Service.
[[0;32m  OK  [0m] Started iSCSI initiator daemon (iscsid).
[[0;32m  OK  [0m] Started LXD - container startup/shutdown.
[[0;32m  OK  [0m] Started /etc/rc.local Compatibility.
[[0;32m  OK  [0m] Started Login Service.
[[0;32m  OK  [0m] Started LSB: MD monitoring daemon.
[[0;32m  OK  [0m] Started LSB: Record successful boot for GRUB.
[[0;32m  OK  [0m] Started Virtualbox guest utils.
[[0;32m  OK  [0m] Started Pollinate to seed the pseudo random number generator.
[[0;32m  OK  [0m] Started Snappy daemon.
         Starting Wait until snapd is fully seeded...
         Starting OpenBSD Secure Shell server...
[[0;32m  OK  [0m] Started Unattended Upgrades Shutdown.
         Starting Authenticate and Authorize Users to Run Privileged Tasks...
         Starting Login to default iSCSI targets...
[[0;32m  OK  [0m] Started OpenBSD Secure Shell server.
[[0;32m  OK  [0m] Started Authenticate and Authorize Users to Run Privileged Tasks.
[[0;32m  OK  [0m] Started Accounts Service.
[[0;32m  OK  [0m] Started Login to default iSCSI targets.
[[0;32m  OK  [0m] Reached target Remote File Systems (Pre).
[[0;32m  OK  [0m] Reached target Remote File Systems.
         Starting LSB: daemon to balance interrupts for SMP systems...
         Starting LSB: Set the CPU Frequency Scaling governor to "ondemand"...
         Starting Permit User Sessions...
         Starting LSB: automatic crash report generation...
[[0;32m  OK  [0m] Started Permit User Sessions.
         Starting Terminate Plymouth Boot Screen...
         Starting Hold until boot process finishes up...
[[0;32m  OK  [0m] Started LSB: daemon to balance interrupts for SMP systems.
[[0;32m  OK  [0m] Started LSB: Set the CPU Frequency Scaling governor to "ondemand".
[[0;32m  OK  [0m] Started LSB: automatic crash report generation.
[[0;32m  OK  [0m] Started Terminate Plymouth Boot Screen.
[[0;32m  OK  [0m] Started Hold until boot process finishes up.
[[0;32m  OK  [0m] Started Getty on tty1.
[[0;32m  OK  [0m] Started Serial Getty on ttyS0.
[[0;32m  OK  [0m] Reached target Login Prompts.
         Starting Set console scheme...
[[0;32m  OK  [0m] Started Set console scheme.
[[0;32m  OK  [0m] Started Wait until snapd is fully seeded.
         Starting Apply the settings specified in cloud-config...
[[0;32m  OK  [0m] Reached target Multi-User System.
[[0;32m  OK  [0m] Reached target Graphical Interface.
         Starting Update UTMP about System Runlevel Changes...
[[0;32m  OK  [0m] Started Update UTMP about System Runlevel Changes.
[   27.046040] cloud-init[1306]: Generating locales (this might take a while)...
[   27.715480] cloud-init[1306]:   en_US.UTF-8... done
[   27.744414] cloud-init[1306]: Generation complete.
[   27.993718] cloud-init[1306]: Cloud-init v. 19.4-33-gbb4131a2-0ubuntu1~16.04.1 running 'modules:config' at Thu, 13 Feb 2020 13:09:04 +0000. Up 26.96 seconds.
[[0;32m  OK  [0m] Started Apply the settings specified in cloud-config.
         Starting Execute cloud user/final scripts...
ci-info: no authorized SSH keys fingerprints found for user ubuntu.
<14>Feb 13 13:09:06 ec2: 
<14>Feb 13 13:09:06 ec2: #############################################################
<14>Feb 13 13:09:06 ec2: -----BEGIN SSH HOST KEY FINGERPRINTS-----
<14>Feb 13 13:09:06 ec2: 1024 SHA256:bjNamQXyPGeCOPNHIu0v9alxyyOAAdy7SaCf0dQwCc4 root@ubuntu-xenial (DSA)
<14>Feb 13 13:09:06 ec2: 256 SHA256:w5I9xLgA+H/oa0Sn9FoctXc9T3oX0qJaqbkpAUdrf5s root@ubuntu-xenial (ECDSA)
<14>Feb 13 13:09:06 ec2: 256 SHA256:hk2d/MKzw3pjudTm4r3Rf9AM3OPMKpUZWW3WP2nyIIA root@ubuntu-xenial (ED25519)
<14>Feb 13 13:09:06 ec2: 2048 SHA256:1iR3sfDIePu+V9V7N69C+Qw3zWN9lTccZs/W6XtjkSA root@ubuntu-xenial (RSA)
<14>Feb 13 13:09:06 ec2: -----END SSH HOST KEY FINGERPRINTS-----
<14>Feb 13 13:09:06 ec2: #############################################################
-----BEGIN SSH HOST KEY KEYS-----
ecdsa-sha2-nistp256 AAAAE2VjZHNhLXNoYTItbmlzdHAyNTYAAAAIbmlzdHAyNTYAAABBBO9ySG7HugN7us/qPnAsNCEjv9EBxS1DRYwjOeJ0TuxzmlHvsaK2fFYD4088relCESOiz/bPBDsEuEzSeTaWuWY= root@ubuntu-xenial
ssh-ed25519 AAAAC3NzaC1lZDI1NTE5AAAAIODZ/zg02P0mRvnRtQLEoIV3PnESX9FOw/2yPm7/6+hB root@ubuntu-xenial
ssh-rsa AAAAB3NzaC1yc2EAAAADAQABAAABAQDJAG9tz2CWy8/y/b4yocQ+p8CLzuwa8YMbW/rfBN1NIrsNBVQo+1qYN89E4PrHvLnbC64Ow/4pMsK7qk/unJLBpfIOE6PQCPac9ke5aGVW7r9qZsa6FTkY7AI3pqxRWQniblMkthhaONN0UEb1rIR1jdcE3eTil5znsidUJCNoItcnUyQ8V81kXz43WN+UnlS9chrxamn/gfakYmW13xufslomqo0h6DsEOo8KeXzjB3sd6MAMoJHyPGPWpW4dmCmdb+FMynZNwk5nGy/l0htHGngYpS9kuwKymCFofmsFjHLQsUyACUVEQCcbkplFBIubX1G0t9MNhyJiWUW1CfBd root@ubuntu-xenial
-----END SSH HOST KEY KEYS-----
[[0;32m  OK  [0m] Created slice User Slice of vagrant.
[   28.751312] cloud-init[1348]: Cloud-init v. 19.4-33-gbb4131a2-0ubuntu1~16.04.1 running 'modules:final' at Thu, 13 Feb 2020 13:09:06 +0000. Up 28.31 seconds.
[   28.808393] cloud-init[1348]: ci-info: no authorized SSH keys fingerprints found for user ubuntu.
[   28.808533] cloud-init[1348]: Cloud-init v. 19.4-33-gbb4131a2-0ubuntu1~16.04.1 finished at Thu, 13 Feb 2020 13:09:06 +0000. Datasource DataSourceNoCloud [seed=/dev/sdb][dsmode=net].  Up 28.74 seconds
[[0;32m  OK  [0m] Started Execute cloud user/final scripts.
         Starting User Manager for UID 1000...
[[0;32m  OK  [0m] Reached target Cloud-init target.
[[0;32m  OK  [0m] Started User Manager for UID 1000.

Ubuntu 16.04.6 LTS ubuntu-xenial ttyS0

ubuntu-xenial login: 